2018-08-18T04:23:14+00:00 CRITICAL Uncaught Error: Call to undefined function woocommerce_shop_loop_item_title() in E:\Xampp\htdocs\aset\wp-content\themes\asset\woocommerce\content-product.php:53
Stack trace:
#0 E:\Xampp\htdocs\aset\wp-includes\template.php(690): require()
#1 E:\Xampp\htdocs\aset\wp-content\plugins\woocommerce\includes\wc-core-functions.php(179): load_template('E:\\Xampp\\htdocs...', false)
#2 E:\Xampp\htdocs\aset\wp-content\plugins\woocommerce\includes\shortcodes\class-wc-shortcode-products.php(617): wc_get_template_part('content', 'product')
#3 E:\Xampp\htdocs\aset\wp-content\plugins\woocommerce\includes\shortcodes\class-wc-shortcode-products.php(100): WC_Shortcode_Products->product_loop()
#4 E:\Xampp\htdocs\aset\wp-content\plugins\woocommerce\includes\class-wc-shortcodes.php(264): WC_Shortcode_Products->get_content()
#5 E:\Xampp\htdocs\aset\wp-includes\shortcodes.php(319): WC_Shortcodes::products(Array, '', 'products')
#6 [internal function]: do_shortcode_tag(Array)
#7 E:\Xampp\htdocs\aset\wp-includes\shortcodes.php(197): p

2018-08-18T04:23:17+00:00 CRITICAL Uncaught Error: Call to undefined function woocommerce_shop_loop_item_title() in E:\Xampp\htdocs\aset\wp-content\themes\asset\woocommerce\content-product.php:53
Stack trace:
#0 E:\Xampp\htdocs\aset\wp-includes\template.php(690): require()
#1 E:\Xampp\htdocs\aset\wp-content\plugins\woocommerce\includes\wc-core-functions.php(179): load_template('E:\\Xampp\\htdocs...', false)
#2 E:\Xampp\htdocs\aset\wp-content\plugins\woocommerce\includes\shortcodes\class-wc-shortcode-products.php(617): wc_get_template_part('content', 'product')
#3 E:\Xampp\htdocs\aset\wp-content\plugins\woocommerce\includes\shortcodes\class-wc-shortcode-products.php(100): WC_Shortcode_Products->product_loop()
#4 E:\Xampp\htdocs\aset\wp-content\plugins\woocommerce\includes\class-wc-shortcodes.php(264): WC_Shortcode_Products->get_content()
#5 E:\Xampp\htdocs\aset\wp-includes\shortcodes.php(319): WC_Shortcodes::products(Array, '', 'products')
#6 [internal function]: do_shortcode_tag(Array)
#7 E:\Xampp\htdocs\aset\wp-includes\shortcodes.php(197): p

2018-08-18T04:23:17+00:00 CRITICAL Uncaught Error: Call to undefined function woocommerce_shop_loop_item_title() in E:\Xampp\htdocs\aset\wp-content\themes\asset\woocommerce\content-product.php:53
Stack trace:
#0 E:\Xampp\htdocs\aset\wp-includes\template.php(690): require()
#1 E:\Xampp\htdocs\aset\wp-content\plugins\woocommerce\includes\wc-core-functions.php(179): load_template('E:\\Xampp\\htdocs...', false)
#2 E:\Xampp\htdocs\aset\wp-content\plugins\woocommerce\includes\shortcodes\class-wc-shortcode-products.php(617): wc_get_template_part('content', 'product')
#3 E:\Xampp\htdocs\aset\wp-content\plugins\woocommerce\includes\shortcodes\class-wc-shortcode-products.php(100): WC_Shortcode_Products->product_loop()
#4 E:\Xampp\htdocs\aset\wp-content\plugins\woocommerce\includes\class-wc-shortcodes.php(264): WC_Shortcode_Products->get_content()
#5 E:\Xampp\htdocs\aset\wp-includes\shortcodes.php(319): WC_Shortcodes::products(Array, '', 'products')
#6 [internal function]: do_shortcode_tag(Array)
#7 E:\Xampp\htdocs\aset\wp-includes\shortcodes.php(197): p

2018-08-18T04:40:26+00:00 CRITICAL Uncaught Error: Using $this when not in object context in E:\Xampp\htdocs\aset\wp-content\plugins\woocommerce\includes\class-wc-product-variable.php:290
Stack trace:
#0 E:\Xampp\htdocs\aset\wp-content\themes\asset\woocommerce\content-product.php(75): WC_Product_Variable::get_available_variations()
#1 E:\Xampp\htdocs\aset\wp-includes\template.php(690): require('E:\\Xampp\\htdocs...')
#2 E:\Xampp\htdocs\aset\wp-content\plugins\woocommerce\includes\wc-core-functions.php(179): load_template('E:\\Xampp\\htdocs...', false)
#3 E:\Xampp\htdocs\aset\wp-content\plugins\woocommerce\includes\shortcodes\class-wc-shortcode-products.php(617): wc_get_template_part('content', 'product')
#4 E:\Xampp\htdocs\aset\wp-content\plugins\woocommerce\includes\shortcodes\class-wc-shortcode-products.php(100): WC_Shortcode_Products->product_loop()
#5 E:\Xampp\htdocs\aset\wp-content\plugins\woocommerce\includes\class-wc-shortcodes.php(264): WC_Shortcode_Products->get_content()
#6 E:\Xampp\htdocs\aset\wp-includes\shortcodes.php(319): WC_Sho

2018-08-18T04:40:26+00:00 CRITICAL Uncaught Error: Using $this when not in object context in E:\Xampp\htdocs\aset\wp-content\plugins\woocommerce\includes\class-wc-product-variable.php:290
Stack trace:
#0 E:\Xampp\htdocs\aset\wp-content\themes\asset\woocommerce\content-product.php(75): WC_Product_Variable::get_available_variations()
#1 E:\Xampp\htdocs\aset\wp-includes\template.php(690): require('E:\\Xampp\\htdocs...')
#2 E:\Xampp\htdocs\aset\wp-content\plugins\woocommerce\includes\wc-core-functions.php(179): load_template('E:\\Xampp\\htdocs...', false)
#3 E:\Xampp\htdocs\aset\wp-content\plugins\woocommerce\includes\shortcodes\class-wc-shortcode-products.php(617): wc_get_template_part('content', 'product')
#4 E:\Xampp\htdocs\aset\wp-content\plugins\woocommerce\includes\shortcodes\class-wc-shortcode-products.php(100): WC_Shortcode_Products->product_loop()
#5 E:\Xampp\htdocs\aset\wp-content\plugins\woocommerce\includes\class-wc-shortcodes.php(264): WC_Shortcode_Products->get_content()
#6 E:\Xampp\htdocs\aset\wp-includes\shortcodes.php(319): WC_Sho

2018-08-18T04:40:26+00:00 CRITICAL Uncaught Error: Using $this when not in object context in E:\Xampp\htdocs\aset\wp-content\plugins\woocommerce\includes\class-wc-product-variable.php:290
Stack trace:
#0 E:\Xampp\htdocs\aset\wp-content\themes\asset\woocommerce\content-product.php(75): WC_Product_Variable::get_available_variations()
#1 E:\Xampp\htdocs\aset\wp-includes\template.php(690): require('E:\\Xampp\\htdocs...')
#2 E:\Xampp\htdocs\aset\wp-content\plugins\woocommerce\includes\wc-core-functions.php(179): load_template('E:\\Xampp\\htdocs...', false)
#3 E:\Xampp\htdocs\aset\wp-content\plugins\woocommerce\includes\shortcodes\class-wc-shortcode-products.php(617): wc_get_template_part('content', 'product')
#4 E:\Xampp\htdocs\aset\wp-content\plugins\woocommerce\includes\shortcodes\class-wc-shortcode-products.php(100): WC_Shortcode_Products->product_loop()
#5 E:\Xampp\htdocs\aset\wp-content\plugins\woocommerce\includes\class-wc-shortcodes.php(264): WC_Shortcode_Products->get_content()
#6 E:\Xampp\htdocs\aset\wp-includes\shortcodes.php(319): WC_Sho

2018-08-18T04:40:27+00:00 CRITICAL Uncaught Error: Using $this when not in object context in E:\Xampp\htdocs\aset\wp-content\plugins\woocommerce\includes\class-wc-product-variable.php:290
Stack trace:
#0 E:\Xampp\htdocs\aset\wp-content\themes\asset\woocommerce\content-product.php(75): WC_Product_Variable::get_available_variations()
#1 E:\Xampp\htdocs\aset\wp-includes\template.php(690): require('E:\\Xampp\\htdocs...')
#2 E:\Xampp\htdocs\aset\wp-content\plugins\woocommerce\includes\wc-core-functions.php(179): load_template('E:\\Xampp\\htdocs...', false)
#3 E:\Xampp\htdocs\aset\wp-content\plugins\woocommerce\includes\shortcodes\class-wc-shortcode-products.php(617): wc_get_template_part('content', 'product')
#4 E:\Xampp\htdocs\aset\wp-content\plugins\woocommerce\includes\shortcodes\class-wc-shortcode-products.php(100): WC_Shortcode_Products->product_loop()
#5 E:\Xampp\htdocs\aset\wp-content\plugins\woocommerce\includes\class-wc-shortcodes.php(264): WC_Shortcode_Products->get_content()
#6 E:\Xampp\htdocs\aset\wp-includes\shortcodes.php(319): WC_Sho

2018-08-18T04:40:27+00:00 CRITICAL Uncaught Error: Using $this when not in object context in E:\Xampp\htdocs\aset\wp-content\plugins\woocommerce\includes\class-wc-product-variable.php:290
Stack trace:
#0 E:\Xampp\htdocs\aset\wp-content\themes\asset\woocommerce\content-product.php(75): WC_Product_Variable::get_available_variations()
#1 E:\Xampp\htdocs\aset\wp-includes\template.php(690): require('E:\\Xampp\\htdocs...')
#2 E:\Xampp\htdocs\aset\wp-content\plugins\woocommerce\includes\wc-core-functions.php(179): load_template('E:\\Xampp\\htdocs...', false)
#3 E:\Xampp\htdocs\aset\wp-content\plugins\woocommerce\includes\shortcodes\class-wc-shortcode-products.php(617): wc_get_template_part('content', 'product')
#4 E:\Xampp\htdocs\aset\wp-content\plugins\woocommerce\includes\shortcodes\class-wc-shortcode-products.php(100): WC_Shortcode_Products->product_loop()
#5 E:\Xampp\htdocs\aset\wp-content\plugins\woocommerce\includes\class-wc-shortcodes.php(264): WC_Shortcode_Products->get_content()
#6 E:\Xampp\htdocs\aset\wp-includes\shortcodes.php(319): WC_Sho

2018-08-18T04:40:30+00:00 CRITICAL Uncaught Error: Using $this when not in object context in E:\Xampp\htdocs\aset\wp-content\plugins\woocommerce\includes\class-wc-product-variable.php:290
Stack trace:
#0 E:\Xampp\htdocs\aset\wp-content\themes\asset\woocommerce\content-product.php(75): WC_Product_Variable::get_available_variations()
#1 E:\Xampp\htdocs\aset\wp-includes\template.php(690): require('E:\\Xampp\\htdocs...')
#2 E:\Xampp\htdocs\aset\wp-content\plugins\woocommerce\includes\wc-core-functions.php(179): load_template('E:\\Xampp\\htdocs...', false)
#3 E:\Xampp\htdocs\aset\wp-content\plugins\woocommerce\includes\shortcodes\class-wc-shortcode-products.php(617): wc_get_template_part('content', 'product')
#4 E:\Xampp\htdocs\aset\wp-content\plugins\woocommerce\includes\shortcodes\class-wc-shortcode-products.php(100): WC_Shortcode_Products->product_loop()
#5 E:\Xampp\htdocs\aset\wp-content\plugins\woocommerce\includes\class-wc-shortcodes.php(264): WC_Shortcode_Products->get_content()
#6 E:\Xampp\htdocs\aset\wp-includes\shortcodes.php(319): WC_Sho

2018-08-18T04:40:33+00:00 CRITICAL Uncaught Error: Using $this when not in object context in E:\Xampp\htdocs\aset\wp-content\plugins\woocommerce\includes\class-wc-product-variable.php:290
Stack trace:
#0 E:\Xampp\htdocs\aset\wp-content\themes\asset\woocommerce\content-product.php(75): WC_Product_Variable::get_available_variations()
#1 E:\Xampp\htdocs\aset\wp-includes\template.php(690): require('E:\\Xampp\\htdocs...')
#2 E:\Xampp\htdocs\aset\wp-content\plugins\woocommerce\includes\wc-core-functions.php(179): load_template('E:\\Xampp\\htdocs...', false)
#3 E:\Xampp\htdocs\aset\wp-content\plugins\woocommerce\includes\shortcodes\class-wc-shortcode-products.php(617): wc_get_template_part('content', 'product')
#4 E:\Xampp\htdocs\aset\wp-content\plugins\woocommerce\includes\shortcodes\class-wc-shortcode-products.php(100): WC_Shortcode_Products->product_loop()
#5 E:\Xampp\htdocs\aset\wp-content\plugins\woocommerce\includes\class-wc-shortcodes.php(264): WC_Shortcode_Products->get_content()
#6 E:\Xampp\htdocs\aset\wp-includes\shortcodes.php(319): WC_Sho

2018-08-18T04:40:33+00:00 CRITICAL Uncaught Error: Using $this when not in object context in E:\Xampp\htdocs\aset\wp-content\plugins\woocommerce\includes\class-wc-product-variable.php:290
Stack trace:
#0 E:\Xampp\htdocs\aset\wp-content\themes\asset\woocommerce\content-product.php(75): WC_Product_Variable::get_available_variations()
#1 E:\Xampp\htdocs\aset\wp-includes\template.php(690): require('E:\\Xampp\\htdocs...')
#2 E:\Xampp\htdocs\aset\wp-content\plugins\woocommerce\includes\wc-core-functions.php(179): load_template('E:\\Xampp\\htdocs...', false)
#3 E:\Xampp\htdocs\aset\wp-content\plugins\woocommerce\includes\shortcodes\class-wc-shortcode-products.php(617): wc_get_template_part('content', 'product')
#4 E:\Xampp\htdocs\aset\wp-content\plugins\woocommerce\includes\shortcodes\class-wc-shortcode-products.php(100): WC_Shortcode_Products->product_loop()
#5 E:\Xampp\htdocs\aset\wp-content\plugins\woocommerce\includes\class-wc-shortcodes.php(264): WC_Shortcode_Products->get_content()
#6 E:\Xampp\htdocs\aset\wp-includes\shortcodes.php(319): WC_Sho

2018-08-18T04:41:05+00:00 CRITICAL Uncaught Error: Using $this when not in object context in E:\Xampp\htdocs\aset\wp-content\plugins\woocommerce\includes\class-wc-product-variable.php:290
Stack trace:
#0 E:\Xampp\htdocs\aset\wp-content\themes\asset\woocommerce\content-product.php(75): WC_Product_Variable::get_available_variations()
#1 E:\Xampp\htdocs\aset\wp-includes\template.php(690): require('E:\\Xampp\\htdocs...')
#2 E:\Xampp\htdocs\aset\wp-content\plugins\woocommerce\includes\wc-core-functions.php(179): load_template('E:\\Xampp\\htdocs...', false)
#3 E:\Xampp\htdocs\aset\wp-content\plugins\woocommerce\includes\shortcodes\class-wc-shortcode-products.php(617): wc_get_template_part('content', 'product')
#4 E:\Xampp\htdocs\aset\wp-content\plugins\woocommerce\includes\shortcodes\class-wc-shortcode-products.php(100): WC_Shortcode_Products->product_loop()
#5 E:\Xampp\htdocs\aset\wp-content\plugins\woocommerce\includes\class-wc-shortcodes.php(264): WC_Shortcode_Products->get_content()
#6 E:\Xampp\htdocs\aset\wp-includes\shortcodes.php(319): WC_Sho

2018-08-18T04:42:11+00:00 CRITICAL Uncaught Error: Using $this when not in object context in E:\Xampp\htdocs\aset\wp-content\plugins\woocommerce\includes\class-wc-structured-data.php:272
Stack trace:
#0 E:\Xampp\htdocs\aset\wp-content\themes\asset\woocommerce\content-product.php(75): WC_Structured_Data::generate_product_data()
#1 E:\Xampp\htdocs\aset\wp-includes\template.php(690): require('E:\\Xampp\\htdocs...')
#2 E:\Xampp\htdocs\aset\wp-content\plugins\woocommerce\includes\wc-core-functions.php(179): load_template('E:\\Xampp\\htdocs...', false)
#3 E:\Xampp\htdocs\aset\wp-content\plugins\woocommerce\includes\shortcodes\class-wc-shortcode-products.php(617): wc_get_template_part('content', 'product')
#4 E:\Xampp\htdocs\aset\wp-content\plugins\woocommerce\includes\shortcodes\class-wc-shortcode-products.php(100): WC_Shortcode_Products->product_loop()
#5 E:\Xampp\htdocs\aset\wp-content\plugins\woocommerce\includes\class-wc-shortcodes.php(264): WC_Shortcode_Products->get_content()
#6 E:\Xampp\htdocs\aset\wp-includes\shortcodes.php(319): WC_Shortcod

2018-08-18T04:42:14+00:00 CRITICAL Uncaught Error: Using $this when not in object context in E:\Xampp\htdocs\aset\wp-content\plugins\woocommerce\includes\class-wc-structured-data.php:272
Stack trace:
#0 E:\Xampp\htdocs\aset\wp-content\themes\asset\woocommerce\content-product.php(75): WC_Structured_Data::generate_product_data()
#1 E:\Xampp\htdocs\aset\wp-includes\template.php(690): require('E:\\Xampp\\htdocs...')
#2 E:\Xampp\htdocs\aset\wp-content\plugins\woocommerce\includes\wc-core-functions.php(179): load_template('E:\\Xampp\\htdocs...', false)
#3 E:\Xampp\htdocs\aset\wp-content\plugins\woocommerce\includes\shortcodes\class-wc-shortcode-products.php(617): wc_get_template_part('content', 'product')
#4 E:\Xampp\htdocs\aset\wp-content\plugins\woocommerce\includes\shortcodes\class-wc-shortcode-products.php(100): WC_Shortcode_Products->product_loop()
#5 E:\Xampp\htdocs\aset\wp-content\plugins\woocommerce\includes\class-wc-shortcodes.php(264): WC_Shortcode_Products->get_content()
#6 E:\Xampp\htdocs\aset\wp-includes\shortcodes.php(319): WC_Shortcod

2018-08-18T04:42:14+00:00 CRITICAL Uncaught Error: Using $this when not in object context in E:\Xampp\htdocs\aset\wp-content\plugins\woocommerce\includes\class-wc-structured-data.php:272
Stack trace:
#0 E:\Xampp\htdocs\aset\wp-content\themes\asset\woocommerce\content-product.php(75): WC_Structured_Data::generate_product_data()
#1 E:\Xampp\htdocs\aset\wp-includes\template.php(690): require('E:\\Xampp\\htdocs...')
#2 E:\Xampp\htdocs\aset\wp-content\plugins\woocommerce\includes\wc-core-functions.php(179): load_template('E:\\Xampp\\htdocs...', false)
#3 E:\Xampp\htdocs\aset\wp-content\plugins\woocommerce\includes\shortcodes\class-wc-shortcode-products.php(617): wc_get_template_part('content', 'product')
#4 E:\Xampp\htdocs\aset\wp-content\plugins\woocommerce\includes\shortcodes\class-wc-shortcode-products.php(100): WC_Shortcode_Products->product_loop()
#5 E:\Xampp\htdocs\aset\wp-content\plugins\woocommerce\includes\class-wc-shortcodes.php(264): WC_Shortcode_Products->get_content()
#6 E:\Xampp\htdocs\aset\wp-includes\shortcodes.php(319): WC_Shortcod

2018-08-18T05:00:14+00:00 CRITICAL Uncaught Error: Call to undefined method WC_Product_Variable::attributes() in E:\Xampp\htdocs\aset\wp-content\themes\asset\woocommerce\content-product.php:61
Stack trace:
#0 E:\Xampp\htdocs\aset\wp-includes\template.php(690): require()
#1 E:\Xampp\htdocs\aset\wp-content\plugins\woocommerce\includes\wc-core-functions.php(179): load_template('E:\\Xampp\\htdocs...', false)
#2 E:\Xampp\htdocs\aset\wp-content\plugins\woocommerce\includes\shortcodes\class-wc-shortcode-products.php(617): wc_get_template_part('content', 'product')
#3 E:\Xampp\htdocs\aset\wp-content\plugins\woocommerce\includes\shortcodes\class-wc-shortcode-products.php(100): WC_Shortcode_Products->product_loop()
#4 E:\Xampp\htdocs\aset\wp-content\plugins\woocommerce\includes\class-wc-shortcodes.php(264): WC_Shortcode_Products->get_content()
#5 E:\Xampp\htdocs\aset\wp-includes\shortcodes.php(319): WC_Shortcodes::products(Array, '', 'products')
#6 [internal function]: do_shortcode_tag(Array)
#7 E:\Xampp\htdocs\aset\wp-includes\shortcodes.php(197): preg

2018-08-18T05:00:17+00:00 CRITICAL Uncaught Error: Call to undefined method WC_Product_Variable::attributes() in E:\Xampp\htdocs\aset\wp-content\themes\asset\woocommerce\content-product.php:61
Stack trace:
#0 E:\Xampp\htdocs\aset\wp-includes\template.php(690): require()
#1 E:\Xampp\htdocs\aset\wp-content\plugins\woocommerce\includes\wc-core-functions.php(179): load_template('E:\\Xampp\\htdocs...', false)
#2 E:\Xampp\htdocs\aset\wp-content\plugins\woocommerce\includes\shortcodes\class-wc-shortcode-products.php(617): wc_get_template_part('content', 'product')
#3 E:\Xampp\htdocs\aset\wp-content\plugins\woocommerce\includes\shortcodes\class-wc-shortcode-products.php(100): WC_Shortcode_Products->product_loop()
#4 E:\Xampp\htdocs\aset\wp-content\plugins\woocommerce\includes\class-wc-shortcodes.php(264): WC_Shortcode_Products->get_content()
#5 E:\Xampp\htdocs\aset\wp-includes\shortcodes.php(319): WC_Shortcodes::products(Array, '', 'products')
#6 [internal function]: do_shortcode_tag(Array)
#7 E:\Xampp\htdocs\aset\wp-includes\shortcodes.php(197): preg

2018-08-18T05:00:17+00:00 CRITICAL Uncaught Error: Call to undefined method WC_Product_Variable::attributes() in E:\Xampp\htdocs\aset\wp-content\themes\asset\woocommerce\content-product.php:61
Stack trace:
#0 E:\Xampp\htdocs\aset\wp-includes\template.php(690): require()
#1 E:\Xampp\htdocs\aset\wp-content\plugins\woocommerce\includes\wc-core-functions.php(179): load_template('E:\\Xampp\\htdocs...', false)
#2 E:\Xampp\htdocs\aset\wp-content\plugins\woocommerce\includes\shortcodes\class-wc-shortcode-products.php(617): wc_get_template_part('content', 'product')
#3 E:\Xampp\htdocs\aset\wp-content\plugins\woocommerce\includes\shortcodes\class-wc-shortcode-products.php(100): WC_Shortcode_Products->product_loop()
#4 E:\Xampp\htdocs\aset\wp-content\plugins\woocommerce\includes\class-wc-shortcodes.php(264): WC_Shortcode_Products->get_content()
#5 E:\Xampp\htdocs\aset\wp-includes\shortcodes.php(319): WC_Shortcodes::products(Array, '', 'products')
#6 [internal function]: do_shortcode_tag(Array)
#7 E:\Xampp\htdocs\aset\wp-includes\shortcodes.php(197): preg

2018-08-18T05:30:37+00:00 CRITICAL Uncaught Error: Call to undefined function wc_get_product_term() in E:\Xampp\htdocs\aset\wp-content\themes\asset\woocommerce\content-product.php:70
Stack trace:
#0 E:\Xampp\htdocs\aset\wp-includes\template.php(690): require()
#1 E:\Xampp\htdocs\aset\wp-content\plugins\woocommerce\includes\wc-core-functions.php(179): load_template('E:\\Xampp\\htdocs...', false)
#2 E:\Xampp\htdocs\aset\wp-content\plugins\woocommerce\includes\shortcodes\class-wc-shortcode-products.php(617): wc_get_template_part('content', 'product')
#3 E:\Xampp\htdocs\aset\wp-content\plugins\woocommerce\includes\shortcodes\class-wc-shortcode-products.php(100): WC_Shortcode_Products->product_loop()
#4 E:\Xampp\htdocs\aset\wp-content\plugins\woocommerce\includes\class-wc-shortcodes.php(264): WC_Shortcode_Products->get_content()
#5 E:\Xampp\htdocs\aset\wp-includes\shortcodes.php(319): WC_Shortcodes::products(Array, '', 'products')
#6 [internal function]: do_shortcode_tag(Array)
#7 E:\Xampp\htdocs\aset\wp-includes\shortcodes.php(197): preg_replace_c

2018-08-18T05:40:28+00:00 CRITICAL Uncaught Error: Call to undefined method WC_Product_Variable::variation_attributes() in E:\Xampp\htdocs\aset\wp-content\themes\asset\woocommerce\content-product.php:63
Stack trace:
#0 E:\Xampp\htdocs\aset\wp-includes\template.php(690): require()
#1 E:\Xampp\htdocs\aset\wp-content\plugins\woocommerce\includes\wc-core-functions.php(179): load_template('E:\\Xampp\\htdocs...', false)
#2 E:\Xampp\htdocs\aset\wp-content\plugins\woocommerce\includes\shortcodes\class-wc-shortcode-products.php(617): wc_get_template_part('content', 'product')
#3 E:\Xampp\htdocs\aset\wp-content\plugins\woocommerce\includes\shortcodes\class-wc-shortcode-products.php(100): WC_Shortcode_Products->product_loop()
#4 E:\Xampp\htdocs\aset\wp-content\plugins\woocommerce\includes\class-wc-shortcodes.php(264): WC_Shortcode_Products->get_content()
#5 E:\Xampp\htdocs\aset\wp-includes\shortcodes.php(319): WC_Shortcodes::products(Array, '', 'products')
#6 [internal function]: do_shortcode_tag(Array)
#7 E:\Xampp\htdocs\aset\wp-includes\shortcodes.php(

2018-08-18T05:40:30+00:00 CRITICAL Uncaught Error: Call to undefined method WC_Product_Variable::variation_attributes() in E:\Xampp\htdocs\aset\wp-content\themes\asset\woocommerce\content-product.php:63
Stack trace:
#0 E:\Xampp\htdocs\aset\wp-includes\template.php(690): require()
#1 E:\Xampp\htdocs\aset\wp-content\plugins\woocommerce\includes\wc-core-functions.php(179): load_template('E:\\Xampp\\htdocs...', false)
#2 E:\Xampp\htdocs\aset\wp-content\plugins\woocommerce\includes\shortcodes\class-wc-shortcode-products.php(617): wc_get_template_part('content', 'product')
#3 E:\Xampp\htdocs\aset\wp-content\plugins\woocommerce\includes\shortcodes\class-wc-shortcode-products.php(100): WC_Shortcode_Products->product_loop()
#4 E:\Xampp\htdocs\aset\wp-content\plugins\woocommerce\includes\class-wc-shortcodes.php(264): WC_Shortcode_Products->get_content()
#5 E:\Xampp\htdocs\aset\wp-includes\shortcodes.php(319): WC_Shortcodes::products(Array, '', 'products')
#6 [internal function]: do_shortcode_tag(Array)
#7 E:\Xampp\htdocs\aset\wp-includes\shortcodes.php(

2018-08-18T05:40:30+00:00 CRITICAL Uncaught Error: Call to undefined method WC_Product_Variable::variation_attributes() in E:\Xampp\htdocs\aset\wp-content\themes\asset\woocommerce\content-product.php:63
Stack trace:
#0 E:\Xampp\htdocs\aset\wp-includes\template.php(690): require()
#1 E:\Xampp\htdocs\aset\wp-content\plugins\woocommerce\includes\wc-core-functions.php(179): load_template('E:\\Xampp\\htdocs...', false)
#2 E:\Xampp\htdocs\aset\wp-content\plugins\woocommerce\includes\shortcodes\class-wc-shortcode-products.php(617): wc_get_template_part('content', 'product')
#3 E:\Xampp\htdocs\aset\wp-content\plugins\woocommerce\includes\shortcodes\class-wc-shortcode-products.php(100): WC_Shortcode_Products->product_loop()
#4 E:\Xampp\htdocs\aset\wp-content\plugins\woocommerce\includes\class-wc-shortcodes.php(264): WC_Shortcode_Products->get_content()
#5 E:\Xampp\htdocs\aset\wp-includes\shortcodes.php(319): WC_Shortcodes::products(Array, '', 'products')
#6 [internal function]: do_shortcode_tag(Array)
#7 E:\Xampp\htdocs\aset\wp-includes\shortcodes.php(

2018-08-18T05:47:40+00:00 CRITICAL Uncaught Error: Call to undefined method WC_Product_Variable::get_variation() in E:\Xampp\htdocs\aset\wp-content\themes\asset\woocommerce\content-product.php:62
Stack trace:
#0 E:\Xampp\htdocs\aset\wp-includes\template.php(690): require()
#1 E:\Xampp\htdocs\aset\wp-content\plugins\woocommerce\includes\wc-core-functions.php(179): load_template('E:\\Xampp\\htdocs...', false)
#2 E:\Xampp\htdocs\aset\wp-content\plugins\woocommerce\includes\shortcodes\class-wc-shortcode-products.php(617): wc_get_template_part('content', 'product')
#3 E:\Xampp\htdocs\aset\wp-content\plugins\woocommerce\includes\shortcodes\class-wc-shortcode-products.php(100): WC_Shortcode_Products->product_loop()
#4 E:\Xampp\htdocs\aset\wp-content\plugins\woocommerce\includes\class-wc-shortcodes.php(264): WC_Shortcode_Products->get_content()
#5 E:\Xampp\htdocs\aset\wp-includes\shortcodes.php(319): WC_Shortcodes::products(Array, '', 'products')
#6 [internal function]: do_shortcode_tag(Array)
#7 E:\Xampp\htdocs\aset\wp-includes\shortcodes.php(197): p

2018-08-18T05:47:43+00:00 CRITICAL Uncaught Error: Call to undefined method WC_Product_Variable::get_variation() in E:\Xampp\htdocs\aset\wp-content\themes\asset\woocommerce\content-product.php:62
Stack trace:
#0 E:\Xampp\htdocs\aset\wp-includes\template.php(690): require()
#1 E:\Xampp\htdocs\aset\wp-content\plugins\woocommerce\includes\wc-core-functions.php(179): load_template('E:\\Xampp\\htdocs...', false)
#2 E:\Xampp\htdocs\aset\wp-content\plugins\woocommerce\includes\shortcodes\class-wc-shortcode-products.php(617): wc_get_template_part('content', 'product')
#3 E:\Xampp\htdocs\aset\wp-content\plugins\woocommerce\includes\shortcodes\class-wc-shortcode-products.php(100): WC_Shortcode_Products->product_loop()
#4 E:\Xampp\htdocs\aset\wp-content\plugins\woocommerce\includes\class-wc-shortcodes.php(264): WC_Shortcode_Products->get_content()
#5 E:\Xampp\htdocs\aset\wp-includes\shortcodes.php(319): WC_Shortcodes::products(Array, '', 'products')
#6 [internal function]: do_shortcode_tag(Array)
#7 E:\Xampp\htdocs\aset\wp-includes\shortcodes.php(197): p

2018-08-18T05:47:43+00:00 CRITICAL Uncaught Error: Call to undefined method WC_Product_Variable::get_variation() in E:\Xampp\htdocs\aset\wp-content\themes\asset\woocommerce\content-product.php:62
Stack trace:
#0 E:\Xampp\htdocs\aset\wp-includes\template.php(690): require()
#1 E:\Xampp\htdocs\aset\wp-content\plugins\woocommerce\includes\wc-core-functions.php(179): load_template('E:\\Xampp\\htdocs...', false)
#2 E:\Xampp\htdocs\aset\wp-content\plugins\woocommerce\includes\shortcodes\class-wc-shortcode-products.php(617): wc_get_template_part('content', 'product')
#3 E:\Xampp\htdocs\aset\wp-content\plugins\woocommerce\includes\shortcodes\class-wc-shortcode-products.php(100): WC_Shortcode_Products->product_loop()
#4 E:\Xampp\htdocs\aset\wp-content\plugins\woocommerce\includes\class-wc-shortcodes.php(264): WC_Shortcode_Products->get_content()
#5 E:\Xampp\htdocs\aset\wp-includes\shortcodes.php(319): WC_Shortcodes::products(Array, '', 'products')
#6 [internal function]: do_shortcode_tag(Array)
#7 E:\Xampp\htdocs\aset\wp-includes\shortcodes.php(197): p

2018-08-18T06:51:32+00:00 CRITICAL Uncaught Error: Call to undefined function strim() in E:\Xampp\htdocs\aset\wp-content\themes\asset\woocommerce\content-product.php:74
Stack trace:
#0 E:\Xampp\htdocs\aset\wp-includes\template.php(690): require()
#1 E:\Xampp\htdocs\aset\wp-content\plugins\woocommerce\includes\wc-core-functions.php(179): load_template('E:\\Xampp\\htdocs...', false)
#2 E:\Xampp\htdocs\aset\wp-content\plugins\woocommerce\includes\shortcodes\class-wc-shortcode-products.php(617): wc_get_template_part('content', 'product')
#3 E:\Xampp\htdocs\aset\wp-content\plugins\woocommerce\includes\shortcodes\class-wc-shortcode-products.php(100): WC_Shortcode_Products->product_loop()
#4 E:\Xampp\htdocs\aset\wp-content\plugins\woocommerce\includes\class-wc-shortcodes.php(264): WC_Shortcode_Products->get_content()
#5 E:\Xampp\htdocs\aset\wp-includes\shortcodes.php(319): WC_Shortcodes::products(Array, '', 'products')
#6 [internal function]: do_shortcode_tag(Array)
#7 E:\Xampp\htdocs\aset\wp-includes\shortcodes.php(197): preg_replace_callback('/\\[(

2018-08-18T06:51:35+00:00 CRITICAL Uncaught Error: Call to undefined function strim() in E:\Xampp\htdocs\aset\wp-content\themes\asset\woocommerce\content-product.php:74
Stack trace:
#0 E:\Xampp\htdocs\aset\wp-includes\template.php(690): require()
#1 E:\Xampp\htdocs\aset\wp-content\plugins\woocommerce\includes\wc-core-functions.php(179): load_template('E:\\Xampp\\htdocs...', false)
#2 E:\Xampp\htdocs\aset\wp-content\plugins\woocommerce\includes\shortcodes\class-wc-shortcode-products.php(617): wc_get_template_part('content', 'product')
#3 E:\Xampp\htdocs\aset\wp-content\plugins\woocommerce\includes\shortcodes\class-wc-shortcode-products.php(100): WC_Shortcode_Products->product_loop()
#4 E:\Xampp\htdocs\aset\wp-content\plugins\woocommerce\includes\class-wc-shortcodes.php(264): WC_Shortcode_Products->get_content()
#5 E:\Xampp\htdocs\aset\wp-includes\shortcodes.php(319): WC_Shortcodes::products(Array, '', 'products')
#6 [internal function]: do_shortcode_tag(Array)
#7 E:\Xampp\htdocs\aset\wp-includes\shortcodes.php(197): preg_replace_callback('/\\[(

2018-08-18T06:51:35+00:00 CRITICAL Uncaught Error: Call to undefined function strim() in E:\Xampp\htdocs\aset\wp-content\themes\asset\woocommerce\content-product.php:74
Stack trace:
#0 E:\Xampp\htdocs\aset\wp-includes\template.php(690): require()
#1 E:\Xampp\htdocs\aset\wp-content\plugins\woocommerce\includes\wc-core-functions.php(179): load_template('E:\\Xampp\\htdocs...', false)
#2 E:\Xampp\htdocs\aset\wp-content\plugins\woocommerce\includes\shortcodes\class-wc-shortcode-products.php(617): wc_get_template_part('content', 'product')
#3 E:\Xampp\htdocs\aset\wp-content\plugins\woocommerce\includes\shortcodes\class-wc-shortcode-products.php(100): WC_Shortcode_Products->product_loop()
#4 E:\Xampp\htdocs\aset\wp-content\plugins\woocommerce\includes\class-wc-shortcodes.php(264): WC_Shortcode_Products->get_content()
#5 E:\Xampp\htdocs\aset\wp-includes\shortcodes.php(319): WC_Shortcodes::products(Array, '', 'products')
#6 [internal function]: do_shortcode_tag(Array)
#7 E:\Xampp\htdocs\aset\wp-includes\shortcodes.php(197): preg_replace_callback('/\\[(

2018-08-18T07:08:09+00:00 CRITICAL Uncaught Error: Call to a member function get_attribute() on array in E:\Xampp\htdocs\aset\wp-content\themes\asset\woocommerce\content-product.php:71
Stack trace:
#0 E:\Xampp\htdocs\aset\wp-includes\template.php(690): require()
#1 E:\Xampp\htdocs\aset\wp-content\plugins\woocommerce\includes\wc-core-functions.php(179): load_template('E:\\Xampp\\htdocs...', false)
#2 E:\Xampp\htdocs\aset\wp-content\plugins\woocommerce\includes\shortcodes\class-wc-shortcode-products.php(617): wc_get_template_part('content', 'product')
#3 E:\Xampp\htdocs\aset\wp-content\plugins\woocommerce\includes\shortcodes\class-wc-shortcode-products.php(100): WC_Shortcode_Products->product_loop()
#4 E:\Xampp\htdocs\aset\wp-content\plugins\woocommerce\includes\class-wc-shortcodes.php(264): WC_Shortcode_Products->get_content()
#5 E:\Xampp\htdocs\aset\wp-includes\shortcodes.php(319): WC_Shortcodes::products(Array, '', 'products')
#6 [internal function]: do_shortcode_tag(Array)
#7 E:\Xampp\htdocs\aset\wp-includes\shortcodes.php(197): preg_replace

2018-08-18T07:08:11+00:00 CRITICAL Uncaught Error: Call to a member function get_attribute() on array in E:\Xampp\htdocs\aset\wp-content\themes\asset\woocommerce\content-product.php:71
Stack trace:
#0 E:\Xampp\htdocs\aset\wp-includes\template.php(690): require()
#1 E:\Xampp\htdocs\aset\wp-content\plugins\woocommerce\includes\wc-core-functions.php(179): load_template('E:\\Xampp\\htdocs...', false)
#2 E:\Xampp\htdocs\aset\wp-content\plugins\woocommerce\includes\shortcodes\class-wc-shortcode-products.php(617): wc_get_template_part('content', 'product')
#3 E:\Xampp\htdocs\aset\wp-content\plugins\woocommerce\includes\shortcodes\class-wc-shortcode-products.php(100): WC_Shortcode_Products->product_loop()
#4 E:\Xampp\htdocs\aset\wp-content\plugins\woocommerce\includes\class-wc-shortcodes.php(264): WC_Shortcode_Products->get_content()
#5 E:\Xampp\htdocs\aset\wp-includes\shortcodes.php(319): WC_Shortcodes::products(Array, '', 'products')
#6 [internal function]: do_shortcode_tag(Array)
#7 E:\Xampp\htdocs\aset\wp-includes\shortcodes.php(197): preg_replace

2018-08-18T07:08:12+00:00 CRITICAL Uncaught Error: Call to a member function get_attribute() on array in E:\Xampp\htdocs\aset\wp-content\themes\asset\woocommerce\content-product.php:71
Stack trace:
#0 E:\Xampp\htdocs\aset\wp-includes\template.php(690): require()
#1 E:\Xampp\htdocs\aset\wp-content\plugins\woocommerce\includes\wc-core-functions.php(179): load_template('E:\\Xampp\\htdocs...', false)
#2 E:\Xampp\htdocs\aset\wp-content\plugins\woocommerce\includes\shortcodes\class-wc-shortcode-products.php(617): wc_get_template_part('content', 'product')
#3 E:\Xampp\htdocs\aset\wp-content\plugins\woocommerce\includes\shortcodes\class-wc-shortcode-products.php(100): WC_Shortcode_Products->product_loop()
#4 E:\Xampp\htdocs\aset\wp-content\plugins\woocommerce\includes\class-wc-shortcodes.php(264): WC_Shortcode_Products->get_content()
#5 E:\Xampp\htdocs\aset\wp-includes\shortcodes.php(319): WC_Shortcodes::products(Array, '', 'products')
#6 [internal function]: do_shortcode_tag(Array)
#7 E:\Xampp\htdocs\aset\wp-includes\shortcodes.php(197): preg_replace

2018-08-18T07:36:14+00:00 CRITICAL Uncaught Error: Call to undefined function has_posts() in E:\Xampp\htdocs\aset\wp-content\themes\asset\page.php:4
Stack trace:
#0 E:\Xampp\htdocs\aset\wp-includes\template-loader.php(74): include()
#1 E:\Xampp\htdocs\aset\wp-blog-header.php(19): require_once('E:\\Xampp\\htdocs...')
#2 E:\Xampp\htdocs\aset\index.php(17): require('E:\\Xampp\\htdocs...')
#3 {main}
  thrown

