2018-08-20T15:59:37+00:00 INFO get_pay_url - Order ID: 38 - http_args: Array
(
    [Title] => OnePay Payment Title
    [vpc_Merchant] => ONEPAY
    [vpc_AccessCode] => D67342C2
    [vpc_MerchTxnRef] => 38_20180820155936
    [vpc_OrderInfo] => Order #38 - http://localhost/ase
    [vpc_Amount] => 2000
    [vpc_ReturnURL] => http://localhost/aset/checkout/order-received/38/?key=wc_order_5b7ae5642a7dc
    [vpc_Version] => 2
    [vpc_Command] => pay
    [vpc_Locale] => en
    [vpc_Currency] => VND
    [vpc_TicketNo] => ::1
    [vpc_SecureHash] => FB38C5133E1D2EE52926FB88D8D97B9CD5F495FAFA3ACFB053B3DC37D81EF85E
)

2018-08-20T16:00:27+00:00 INFO get_pay_url - Order ID: 38 - http_args: Array
(
    [Title] => OnePay Payment Title
    [vpc_Merchant] => ONEPAY
    [vpc_AccessCode] => D67342C2
    [vpc_MerchTxnRef] => 38_20180820160027
    [vpc_OrderInfo] => Order #38 - http://localhost/ase
    [vpc_Amount] => 46000000
    [vpc_ReturnURL] => http://localhost/aset/checkout/order-received/38/?key=wc_order_5b7ae5642a7dc
    [vpc_Version] => 2
    [vpc_Command] => pay
    [vpc_Locale] => en
    [vpc_Currency] => VND
    [vpc_TicketNo] => ::1
    [vpc_SecureHash] => FD1387E0B39844DB12BF09D871EC774F427DD70D0B5035219DCD2CFACB3AE3ED
)

