2018-08-19T09:27:56+00:00 INFO get_pay_url - Order ID: 32 - http_args: Array
(
    [Title] => OnePay Payment Title
    [vpc_Merchant] => ONEPAY
    [vpc_AccessCode] => D67342C2
    [vpc_MerchTxnRef] => 32_20180819092756
    [vpc_OrderInfo] => Order #32 - http://localhost/ase
    [vpc_Amount] => 40000000
    [vpc_ReturnURL] => http://localhost/aset/checkout/order-received/32/?key=wc_order_5b7938177f921
    [vpc_Version] => 2
    [vpc_Command] => pay
    [vpc_Locale] => en
    [vpc_Currency] => VND
    [vpc_TicketNo] => ::1
    [vpc_SecureHash] => 27547FCBD104DDDE03132A4079C184D2B80193C90C6D0064DF0DFD13A53A85F5
)

2018-08-19T09:38:27+00:00 INFO process_onepay_response_data - Order ID: 32 - Order Note: OnePay Domestic Gateway Info | Code: 99 | Message: Người sủ dụng hủy giao dịch - User cancel | MerchantTxnRef: 32_20180819092756 | Type: return - http_args: Array
(
    [key] => wc_order_5b7938177f921
    [vpc_AdditionData] => 999999
    [vpc_Amount] => 40000000
    [vpc_Command] => pay
    [vpc_CurrencyCode] => VND
    [vpc_Locale] => en
    [vpc_MerchTxnRef] => 32_20180819092756
    [vpc_Merchant] => ONEPAY
    [vpc_OrderInfo] => Order #32 - http://localhost/ase
    [vpc_TransactionNo] => 1652727
    [vpc_TxnResponseCode] => 99
    [vpc_Version] => 2
)

2018-08-19T09:39:10+00:00 INFO get_pay_url - Order ID: 33 - http_args: Array
(
    [Title] => OnePay Payment Title
    [vpc_Merchant] => ONEPAY
    [vpc_AccessCode] => D67342C2
    [vpc_MerchTxnRef] => 33_20180819093910
    [vpc_OrderInfo] => Order #33 - http://localhost/ase
    [vpc_Amount] => 20000000
    [vpc_ReturnURL] => http://localhost/aset/checkout/order-received/33/?key=wc_order_5b793aba8212b
    [vpc_Version] => 2
    [vpc_Command] => pay
    [vpc_Locale] => en
    [vpc_Currency] => VND
    [vpc_TicketNo] => ::1
    [vpc_SecureHash] => C90603288229CBD5E8B9C319C1649F87C41973EBC26B1BEF51504BABF45B02CC
)

2018-08-19T09:41:27+00:00 INFO get_pay_url - Order ID: 33 - http_args: Array
(
    [Title] => OnePay Payment Title
    [vpc_Merchant] => ONEPAY
    [vpc_AccessCode] => D67342C2
    [vpc_MerchTxnRef] => 33_20180819094127
    [vpc_OrderInfo] => Order #33 - http://localhost/ase
    [vpc_Amount] => 20000000
    [vpc_ReturnURL] => http://localhost/aset/checkout/order-received/33/?key=wc_order_5b793aba8212b
    [vpc_Version] => 2
    [vpc_Command] => pay
    [vpc_Locale] => en
    [vpc_Currency] => VND
    [vpc_TicketNo] => ::1
    [vpc_SecureHash] => F6FAE76D3D252EC5FBC01AF9793CB6109FC9841981FFBD40DF6946D1CEF56308
)

2018-08-19T09:49:39+00:00 INFO handle_onepay_querydr - http_link: https://mtf.onepay.vn/onecomm-pay/Vpcdps.op?vpc_Command=queryDR&vpc_Version=1&vpc_MerchTxnRef=32_20180819092756&vpc_Merchant=ONEPAY&vpc_AccessCode=D67342C2&vpc_User=&vpc_Password= - http_args: Array
(
    [vpc_Command] => queryDR
    [vpc_Version] => 1
    [vpc_MerchTxnRef] => 32_20180819092756
    [vpc_Merchant] => ONEPAY
    [vpc_AccessCode] => D67342C2
    [vpc_User] => 
    [vpc_Password] => 
)

2018-08-19T09:52:33+00:00 INFO get_pay_url - Order ID: 33 - http_args: Array
(
    [Title] => OnePay Payment Title
    [vpc_Merchant] => TESTONEPAY
    [vpc_AccessCode] => 6BEB2546
    [vpc_MerchTxnRef] => 33_20180819095233
    [vpc_OrderInfo] => Order #33 - http://localhost/ase
    [vpc_Amount] => 20000000
    [vpc_ReturnURL] => http://localhost/aset/checkout/order-received/33/?key=wc_order_5b793aba8212b
    [vpc_Version] => 2
    [vpc_Command] => pay
    [vpc_Locale] => en
    [vpc_Currency] => VND
    [vpc_TicketNo] => ::1
    [vpc_SecureHash] => C29C4C53B84C84669B2B76A1DF712B63463595ACB240058B409B91740F8BD919
)

2018-08-19T09:54:31+00:00 INFO get_pay_url - Order ID: 33 - http_args: Array
(
    [Title] => OnePay Payment Title
    [vpc_Merchant] => TESTONEPAY
    [vpc_AccessCode] => 6BEB2546
    [vpc_MerchTxnRef] => 33_20180819095431
    [vpc_OrderInfo] => Order #33 - http://localhost/ase
    [vpc_Amount] => 20000000
    [vpc_ReturnURL] => http://localhost/aset/checkout/order-received/33/?key=wc_order_5b793aba8212b
    [vpc_Version] => 2
    [vpc_Command] => pay
    [vpc_Locale] => en
    [vpc_Currency] => VND
    [vpc_TicketNo] => ::1
    [vpc_SecureHash] => 3525E6A4F04907BBCC835931A4E680A538DEFC45A59D13FCA29171F1982320FA
)

2018-08-19T09:55:38+00:00 INFO get_pay_url - Order ID: 34 - http_args: Array
(
    [Title] => OnePay Payment Title
    [vpc_Merchant] => TESTONEPAY
    [vpc_AccessCode] => 6BEB2546
    [vpc_MerchTxnRef] => 34_20180819095538
    [vpc_OrderInfo] => Order #34 - http://localhost/ase
    [vpc_Amount] => 20000000
    [vpc_ReturnURL] => http://localhost/aset/checkout/order-received/34/?key=wc_order_5b793e95e7ac4
    [vpc_Version] => 2
    [vpc_Command] => pay
    [vpc_Locale] => en
    [vpc_Currency] => VND
    [vpc_TicketNo] => ::1
    [vpc_SecureHash] => 2F85CE942C590408E0F0F3A162FF53799930E509A8933788CFB70848D4627676
)

2018-08-19T09:58:43+00:00 INFO get_pay_url - Order ID: 35 - http_args: Array
(
    [Title] => OnePay Payment Title
    [vpc_Merchant] => ONEPAY
    [vpc_AccessCode] => D67342C2
    [vpc_MerchTxnRef] => 35_20180819095843
    [vpc_OrderInfo] => Order #35 - http://localhost/ase
    [vpc_Amount] => 20000000
    [vpc_ReturnURL] => http://localhost/aset/checkout/order-received/35/?key=wc_order_5b793f4fa328d
    [vpc_Version] => 2
    [vpc_Command] => pay
    [vpc_Locale] => en
    [vpc_Currency] => VND
    [vpc_TicketNo] => ::1
    [vpc_SecureHash] => CAD637F40621CE49212AF4DA1403EB61515AE4F25C05DCCB0B7E548184EAD61B
)

2018-08-19T10:00:28+00:00 INFO handle_onepay_querydr - http_link: https://mtf.onepay.vn/onecomm-pay/Vpcdps.op?vpc_Command=queryDR&vpc_Version=1&vpc_MerchTxnRef=33_20180819093910&vpc_Merchant=ONEPAY&vpc_AccessCode=D67342C2&vpc_User=&vpc_Password= - http_args: Array
(
    [vpc_Command] => queryDR
    [vpc_Version] => 1
    [vpc_MerchTxnRef] => 33_20180819093910
    [vpc_Merchant] => ONEPAY
    [vpc_AccessCode] => D67342C2
    [vpc_User] => 
    [vpc_Password] => 
)

2018-08-19T10:02:28+00:00 INFO handle_onepay_querydr - http_link: https://mtf.onepay.vn/onecomm-pay/Vpcdps.op?vpc_Command=queryDR&vpc_Version=1&vpc_MerchTxnRef=33_20180819094127&vpc_Merchant=ONEPAY&vpc_AccessCode=D67342C2&vpc_User=&vpc_Password= - http_args: Array
(
    [vpc_Command] => queryDR
    [vpc_Version] => 1
    [vpc_MerchTxnRef] => 33_20180819094127
    [vpc_Merchant] => ONEPAY
    [vpc_AccessCode] => D67342C2
    [vpc_User] => 
    [vpc_Password] => 
)

2018-08-19T10:06:04+00:00 INFO process_onepay_response_data - Order ID: 35 - Order Note: OnePay Domestic Gateway Info | Code: 0 | Message: Giao dịch thành công - Approved | MerchantTxnRef: 35_20180819095843 | Type: return - http_args: Array
(
    [key] => wc_order_5b793f4fa328d
    [vpc_AdditionData] => 970436
    [vpc_Amount] => 20000000
    [vpc_Command] => pay
    [vpc_CurrencyCode] => VND
    [vpc_Locale] => en
    [vpc_MerchTxnRef] => 35_20180819095843
    [vpc_Merchant] => ONEPAY
    [vpc_OrderInfo] => Order #35 - http://localhost/ase
    [vpc_TransactionNo] => 1652731
    [vpc_TxnResponseCode] => 0
    [vpc_Version] => 2
)

2018-08-19T10:14:31+00:00 INFO handle_onepay_querydr - http_link: https://mtf.onepay.vn/onecomm-pay/Vpcdps.op?vpc_Command=queryDR&vpc_Version=1&vpc_MerchTxnRef=33_20180819095233&vpc_Merchant=ONEPAY&vpc_AccessCode=D67342C2&vpc_User=&vpc_Password= - http_args: Array
(
    [vpc_Command] => queryDR
    [vpc_Version] => 1
    [vpc_MerchTxnRef] => 33_20180819095233
    [vpc_Merchant] => ONEPAY
    [vpc_AccessCode] => D67342C2
    [vpc_User] => 
    [vpc_Password] => 
)

2018-08-19T10:16:32+00:00 INFO handle_onepay_querydr - http_link: https://mtf.onepay.vn/onecomm-pay/Vpcdps.op?vpc_Command=queryDR&vpc_Version=1&vpc_MerchTxnRef=33_20180819095431&vpc_Merchant=ONEPAY&vpc_AccessCode=D67342C2&vpc_User=&vpc_Password= - http_args: Array
(
    [vpc_Command] => queryDR
    [vpc_Version] => 1
    [vpc_MerchTxnRef] => 33_20180819095431
    [vpc_Merchant] => ONEPAY
    [vpc_AccessCode] => D67342C2
    [vpc_User] => 
    [vpc_Password] => 
)

2018-08-19T10:16:32+00:00 INFO handle_onepay_querydr - http_link: https://mtf.onepay.vn/onecomm-pay/Vpcdps.op?vpc_Command=queryDR&vpc_Version=1&vpc_MerchTxnRef=34_20180819095538&vpc_Merchant=ONEPAY&vpc_AccessCode=D67342C2&vpc_User=&vpc_Password= - http_args: Array
(
    [vpc_Command] => queryDR
    [vpc_Version] => 1
    [vpc_MerchTxnRef] => 34_20180819095538
    [vpc_Merchant] => ONEPAY
    [vpc_AccessCode] => D67342C2
    [vpc_User] => 
    [vpc_Password] => 
)

2018-08-19T10:20:34+00:00 INFO handle_onepay_querydr - http_link: https://mtf.onepay.vn/onecomm-pay/Vpcdps.op?vpc_Command=queryDR&vpc_Version=1&vpc_MerchTxnRef=35_20180819095843&vpc_Merchant=ONEPAY&vpc_AccessCode=D67342C2&vpc_User=&vpc_Password= - http_args: Array
(
    [vpc_Command] => queryDR
    [vpc_Version] => 1
    [vpc_MerchTxnRef] => 35_20180819095843
    [vpc_Merchant] => ONEPAY
    [vpc_AccessCode] => D67342C2
    [vpc_User] => 
    [vpc_Password] => 
)

